<?xml version="1.0" encoding="utf-8"?><testsuite errors="0" failures="1" name="pytest" skipped="0" tests="7" time="3.808"><testcase classname="test-flare-sources-3.FlareSourceTests" file="test-flare-sources-3.py" line="140" name="test_description_too_short" time="0.003"></testcase><testcase classname="test-flare-sources-3.FlareSourceTests" file="test-flare-sources-3.py" line="134" name="test_has_maketargets_json" time="0.000"></testcase><testcase classname="test-flare-sources-3.FlareSourceTests" file="test-flare-sources-3.py" line="113" name="test_is_well_formed_html" time="1.325"></testcase><testcase classname="test-flare-sources-3.FlareSourceTests" file="test-flare-sources-3.py" line="174" name="test_is_well_formed_maketargets_json" time="0.001"></testcase><testcase classname="test-flare-sources-3.FlareSourceTests" file="test-flare-sources-3.py" line="363" name="test_missing_images" time="1.210"></testcase><testcase classname="test-flare-sources-3.FlareSourceTests" file="test-flare-sources-3.py" line="391" name="test_missing_snippetfiles" time="1.203"></testcase><testcase classname="test-flare-sources-3.FlareSourceTests" file="test-flare-sources-3.py" line="418" name="test_missing_xrefs" time="0.002"><failure message="KeyError: &apos;src&apos;">E   KeyError: &apos;src&apos;</failure></testcase></testsuite>